JUnit version 4.13.2
.E..E
Time: 0.742
There were 2 failures:
1) testFilter1(TestListExamples)
java.lang.AssertionError: expected:<[1234, this is a string!, stringtest]> but was:<[stringtest, this is a string!, 1234]>
	at org.junit.Assert.fail(Assert.java:89)
	at org.junit.Assert.failNotEquals(Assert.java:835)
	at org.junit.Assert.assertEquals(Assert.java:120)
	at org.junit.Assert.assertEquals(Assert.java:146)
	at TestListExamples.testFilter1(TestListExamples.java:44)
2) testMergeRightEnd(TestListExamples)
org.junit.runners.model.TestTimedOutException: test timed out after 500 milliseconds
	at java.base/java.util.Arrays.copyOf(Arrays.java:3513)
	at java.base/java.util.Arrays.copyOf(Arrays.java:3482)
	at java.base/java.util.ArrayList.grow(ArrayList.java:237)
	at java.base/java.util.ArrayList.grow(ArrayList.java:244)
	at java.base/java.util.ArrayList.add(ArrayList.java:483)
	at java.base/java.util.ArrayList.add(ArrayList.java:496)
	at ListExamples.merge(ListExamples.java:42)
	at TestListExamples.testMergeRightEnd(TestListExamples.java:30)

FAILURES!!!
Tests run: 3,  Failures: 2

